2019-12-08 10:46:52.457503
startFetching
Fetching photos
stoped
all photos added
trying to restart
2019-12-08 10:48:44.264865
startPhoto
startphoto called, get images and switch foto will be called
photo added in img_list
photo added in img_list
photo added in img_list
photo added in img_list
photo added in img_list
photo added in img_list
Obituary photo number:4
new timer, running ss
startPhoto
startphoto called, get images and switch foto will be called
photo added in img_list
photo added in img_list
photo added in img_list
photo added in img_list
photo added in img_list
photo added in img_list
Obituary photo number:3
startphoto called, get images and switch foto will be called
photo added in img_list
photo added in img_list
photo added in img_list
photo added in img_list
photo added in img_list
photo added in img_list
Obituary photo number:2
startphoto called, get images and switch foto will be called
photo added in img_list
photo added in img_list
photo added in img_list
photo added in img_list
photo added in img_list
photo added in img_list
Obituary photo number:1
startphoto called, get images and switch foto will be called
photo added in img_list
photo added in img_list
photo added in img_list
photo added in img_list
photo added in img_list
photo added in img_list
Obituary photo number:0
startphoto called, get images and switch foto will be called
photo added in img_list
photo added in img_list
photo added in img_list
photo added in img_list
photo added in img_list
photo added in img_list
Obituary photo number:5
QPixmap::scaled: Pixmap is a null pixmap
startphoto called, get images and switch foto will be called
photo added in img_list
photo added in img_list
photo added in img_list
photo added in img_list
photo added in img_list
photo added in img_list
Obituary photo number:4
startphoto called, get images and switch foto will be called
photo added in img_list
photo added in img_list
photo added in img_list
photo added in img_list
photo added in img_list
photo added in img_list
Obituary photo number:3
startphoto called, get images and switch foto will be called
photo added in img_list
photo added in img_list
photo added in img_list
photo added in img_list
photo added in img_list
photo added in img_list
Obituary photo number:2
startphoto called, get images and switch foto will be called
photo added in img_list
photo added in img_list
photo added in img_list
photo added in img_list
photo added in img_list
photo added in img_list
Obituary photo number:1
startphoto called, get images and switch foto will be called
photo added in img_list
photo added in img_list
photo added in img_list
photo added in img_list
photo added in img_list
photo added in img_list
Obituary photo number:0
startphoto called, get images and switch foto will be called
photo added in img_list
photo added in img_list
photo added in img_list
photo added in img_list
photo added in img_list
photo added in img_list
Obituary photo number:5
startphoto called, get images and switch foto will be called
photo added in img_list
photo added in img_list
photo added in img_list
photo added in img_list
photo added in img_list
photo added in img_list
Obituary photo number:4
startphoto called, get images and switch foto will be called
photo added in img_list
photo added in img_list
photo added in img_list
photo added in img_list
photo added in img_list
photo added in img_list
Obituary photo number:3
startphoto called, get images and switch foto will be called
photo added in img_list
photo added in img_list
photo added in img_list
photo added in img_list
photo added in img_list
photo added in img_list
Obituary photo number:2
startphoto called, get images and switch foto will be called
photo added in img_list
photo added in img_list
photo added in img_list
photo added in img_list
photo added in img_list
photo added in img_list
Obituary photo number:1
startphoto called, get images and switch foto will be called
photo added in img_list
photo added in img_list
photo added in img_list
photo added in img_list
photo added in img_list
photo added in img_list
Obituary photo number:0
stopped startPhoto
